


****************************F:\Mflex\DMVReaderServer\DMVReaderServer\bin\Debug\Images\Loading.gif****************************
【出现时间】：2020/4/21 14:25:39
【程序名称】：System.Drawing
【异常类型】：FileNotFoundException
【异常信息】：F:\Mflex\DMVReaderServer\DMVReaderServer\bin\Debug\Images\Loading.gif
【堆栈调用】：   在 System.Drawing.Image.FromFile(String filename, Boolean useEmbeddedColorManagement)
   在 DMVReaderServer.MyOpaqueLayer..ctor(Int32 Alpha, Boolean IsShowLoadingImage) 位置 f:\Mflex\DMVReaderServer\DMVReaderServer\Tool\MyOpaqueLayer.cs:行号 41
   在 DMVReaderServer.LoadingHelper.ShowOpaqueLayer(Control control, Int32 alpha, Boolean isShowLoadingImage) 位置 f:\Mflex\DMVReaderServer\DMVReaderServer\Tool\LoadingHelper.cs:行号 35
【错误函数】：System.Drawing.Image FromFile(System.String, Boolean)
***************************************************************




****************************F:\Mflex\DMVReaderServer\DMVReaderServer\bin\Debug\Images\Loading.gif****************************
【出现时间】：2020/4/21 14:25:53
【程序名称】：System.Drawing
【异常类型】：FileNotFoundException
【异常信息】：F:\Mflex\DMVReaderServer\DMVReaderServer\bin\Debug\Images\Loading.gif
【堆栈调用】：   在 System.Drawing.Image.FromFile(String filename, Boolean useEmbeddedColorManagement)
   在 DMVReaderServer.MyOpaqueLayer..ctor(Int32 Alpha, Boolean IsShowLoadingImage) 位置 f:\Mflex\DMVReaderServer\DMVReaderServer\Tool\MyOpaqueLayer.cs:行号 41
   在 DMVReaderServer.LoadingHelper.ShowOpaqueLayer(Control control, Int32 alpha, Boolean isShowLoadingImage) 位置 f:\Mflex\DMVReaderServer\DMVReaderServer\Tool\LoadingHelper.cs:行号 35
【错误函数】：System.Drawing.Image FromFile(System.String, Boolean)
***************************************************************




****************************F:\Mflex\DMVReaderServer\DMVReaderServer\bin\Debug\Images\Loading.gif****************************
【出现时间】：2020/4/21 14:29:11
【程序名称】：System.Drawing
【异常类型】：FileNotFoundException
【异常信息】：F:\Mflex\DMVReaderServer\DMVReaderServer\bin\Debug\Images\Loading.gif
【堆栈调用】：   在 System.Drawing.Image.FromFile(String filename, Boolean useEmbeddedColorManagement)
   在 DMVReaderServer.MyOpaqueLayer..ctor(Int32 Alpha, Boolean IsShowLoadingImage) 位置 f:\Mflex\DMVReaderServer\DMVReaderServer\Tool\MyOpaqueLayer.cs:行号 41
   在 DMVReaderServer.LoadingHelper.ShowOpaqueLayer(Control control, Int32 alpha, Boolean isShowLoadingImage) 位置 f:\Mflex\DMVReaderServer\DMVReaderServer\Tool\LoadingHelper.cs:行号 35
【错误函数】：System.Drawing.Image FromFile(System.String, Boolean)
***************************************************************




****************************F:\Mflex\DMVReaderServer\DMVReaderServer\bin\Debug\Images\Loading.gif****************************
【出现时间】：2020/4/21 14:29:14
【程序名称】：System.Drawing
【异常类型】：FileNotFoundException
【异常信息】：F:\Mflex\DMVReaderServer\DMVReaderServer\bin\Debug\Images\Loading.gif
【堆栈调用】：   在 System.Drawing.Image.FromFile(String filename, Boolean useEmbeddedColorManagement)
   在 DMVReaderServer.MyOpaqueLayer..ctor(Int32 Alpha, Boolean IsShowLoadingImage) 位置 f:\Mflex\DMVReaderServer\DMVReaderServer\Tool\MyOpaqueLayer.cs:行号 41
   在 DMVReaderServer.LoadingHelper.ShowOpaqueLayer(Control control, Int32 alpha, Boolean isShowLoadingImage) 位置 f:\Mflex\DMVReaderServer\DMVReaderServer\Tool\LoadingHelper.cs:行号 35
【错误函数】：System.Drawing.Image FromFile(System.String, Boolean)
***************************************************************




****************************F:\Mflex\DMVReaderServer\DMVReaderServer\bin\Debug\Images\Loading.gif****************************
【出现时间】：2020/4/21 14:34:03
【程序名称】：System.Drawing
【异常类型】：FileNotFoundException
【异常信息】：F:\Mflex\DMVReaderServer\DMVReaderServer\bin\Debug\Images\Loading.gif
【堆栈调用】：   在 System.Drawing.Image.FromFile(String filename, Boolean useEmbeddedColorManagement)
   在 DMVReaderServer.MyOpaqueLayer..ctor(Int32 Alpha, Boolean IsShowLoadingImage) 位置 f:\Mflex\DMVReaderServer\DMVReaderServer\Tool\MyOpaqueLayer.cs:行号 41
   在 DMVReaderServer.LoadingHelper.ShowOpaqueLayer(Control control, Int32 alpha, Boolean isShowLoadingImage) 位置 f:\Mflex\DMVReaderServer\DMVReaderServer\Tool\LoadingHelper.cs:行号 35
【错误函数】：System.Drawing.Image FromFile(System.String, Boolean)
***************************************************************




****************************F:\Mflex\DMVReaderServer\DMVReaderServer\bin\Debug\Images\Loading.gif****************************
【出现时间】：2020/4/21 14:34:06
【程序名称】：System.Drawing
【异常类型】：FileNotFoundException
【异常信息】：F:\Mflex\DMVReaderServer\DMVReaderServer\bin\Debug\Images\Loading.gif
【堆栈调用】：   在 System.Drawing.Image.FromFile(String filename, Boolean useEmbeddedColorManagement)
   在 DMVReaderServer.MyOpaqueLayer..ctor(Int32 Alpha, Boolean IsShowLoadingImage) 位置 f:\Mflex\DMVReaderServer\DMVReaderServer\Tool\MyOpaqueLayer.cs:行号 41
   在 DMVReaderServer.LoadingHelper.ShowOpaqueLayer(Control control, Int32 alpha, Boolean isShowLoadingImage) 位置 f:\Mflex\DMVReaderServer\DMVReaderServer\Tool\LoadingHelper.cs:行号 35
【错误函数】：System.Drawing.Image FromFile(System.String, Boolean)
***************************************************************




****************************F:\Mflex\DMVReaderServer\DMVReaderServer\bin\Debug\Images\Loading.gif****************************
【出现时间】：2020/4/21 14:38:47
【程序名称】：System.Drawing
【异常类型】：FileNotFoundException
【异常信息】：F:\Mflex\DMVReaderServer\DMVReaderServer\bin\Debug\Images\Loading.gif
【堆栈调用】：   在 System.Drawing.Image.FromFile(String filename, Boolean useEmbeddedColorManagement)
   在 DMVReaderServer.MyOpaqueLayer..ctor(Int32 Alpha, Boolean IsShowLoadingImage) 位置 f:\Mflex\DMVReaderServer\DMVReaderServer\Tool\MyOpaqueLayer.cs:行号 41
   在 DMVReaderServer.LoadingHelper.ShowOpaqueLayer(Control control, Int32 alpha, Boolean isShowLoadingImage) 位置 f:\Mflex\DMVReaderServer\DMVReaderServer\Tool\LoadingHelper.cs:行号 35
【错误函数】：System.Drawing.Image FromFile(System.String, Boolean)
***************************************************************




****************************F:\Mflex\DMVReaderServer\DMVReaderServer\bin\Debug\Images\Loading.gif****************************
【出现时间】：2020/4/21 14:38:55
【程序名称】：System.Drawing
【异常类型】：FileNotFoundException
【异常信息】：F:\Mflex\DMVReaderServer\DMVReaderServer\bin\Debug\Images\Loading.gif
【堆栈调用】：   在 System.Drawing.Image.FromFile(String filename, Boolean useEmbeddedColorManagement)
   在 DMVReaderServer.MyOpaqueLayer..ctor(Int32 Alpha, Boolean IsShowLoadingImage) 位置 f:\Mflex\DMVReaderServer\DMVReaderServer\Tool\MyOpaqueLayer.cs:行号 41
   在 DMVReaderServer.LoadingHelper.ShowOpaqueLayer(Control control, Int32 alpha, Boolean isShowLoadingImage) 位置 f:\Mflex\DMVReaderServer\DMVReaderServer\Tool\LoadingHelper.cs:行号 35
【错误函数】：System.Drawing.Image FromFile(System.String, Boolean)
***************************************************************




****************************F:\Mflex\DMVReaderServer\DMVReaderServer\bin\Debug\Images\Loading.gif****************************
【出现时间】：2020/4/21 14:39:05
【程序名称】：System.Drawing
【异常类型】：FileNotFoundException
【异常信息】：F:\Mflex\DMVReaderServer\DMVReaderServer\bin\Debug\Images\Loading.gif
【堆栈调用】：   在 System.Drawing.Image.FromFile(String filename, Boolean useEmbeddedColorManagement)
   在 DMVReaderServer.MyOpaqueLayer..ctor(Int32 Alpha, Boolean IsShowLoadingImage) 位置 f:\Mflex\DMVReaderServer\DMVReaderServer\Tool\MyOpaqueLayer.cs:行号 41
   在 DMVReaderServer.LoadingHelper.ShowOpaqueLayer(Control control, Int32 alpha, Boolean isShowLoadingImage) 位置 f:\Mflex\DMVReaderServer\DMVReaderServer\Tool\LoadingHelper.cs:行号 35
【错误函数】：System.Drawing.Image FromFile(System.String, Boolean)
***************************************************************




****************************F:\Mflex\DMVReaderServer\DMVReaderServer\bin\Debug\Images\Loading.gif****************************
【出现时间】：2020/4/21 14:39:19
【程序名称】：System.Drawing
【异常类型】：FileNotFoundException
【异常信息】：F:\Mflex\DMVReaderServer\DMVReaderServer\bin\Debug\Images\Loading.gif
【堆栈调用】：   在 System.Drawing.Image.FromFile(String filename, Boolean useEmbeddedColorManagement)
   在 DMVReaderServer.MyOpaqueLayer..ctor(Int32 Alpha, Boolean IsShowLoadingImage) 位置 f:\Mflex\DMVReaderServer\DMVReaderServer\Tool\MyOpaqueLayer.cs:行号 41
   在 DMVReaderServer.LoadingHelper.ShowOpaqueLayer(Control control, Int32 alpha, Boolean isShowLoadingImage) 位置 f:\Mflex\DMVReaderServer\DMVReaderServer\Tool\LoadingHelper.cs:行号 35
【错误函数】：System.Drawing.Image FromFile(System.String, Boolean)
***************************************************************




****************************F:\Mflex\DMVReaderServer\DMVReaderServer\bin\Debug\Images\Loading.gif****************************
【出现时间】：2020/4/21 14:39:34
【程序名称】：System.Drawing
【异常类型】：FileNotFoundException
【异常信息】：F:\Mflex\DMVReaderServer\DMVReaderServer\bin\Debug\Images\Loading.gif
【堆栈调用】：   在 System.Drawing.Image.FromFile(String filename, Boolean useEmbeddedColorManagement)
   在 DMVReaderServer.MyOpaqueLayer..ctor(Int32 Alpha, Boolean IsShowLoadingImage) 位置 f:\Mflex\DMVReaderServer\DMVReaderServer\Tool\MyOpaqueLayer.cs:行号 41
   在 DMVReaderServer.LoadingHelper.ShowOpaqueLayer(Control control, Int32 alpha, Boolean isShowLoadingImage) 位置 f:\Mflex\DMVReaderServer\DMVReaderServer\Tool\LoadingHelper.cs:行号 35
【错误函数】：System.Drawing.Image FromFile(System.String, Boolean)
***************************************************************




****************************F:\Mflex\DMVReaderServer\DMVReaderServer\bin\Debug\Images\Loading.gif****************************
【出现时间】：2020/4/21 15:51:16
【程序名称】：System.Drawing
【异常类型】：FileNotFoundException
【异常信息】：F:\Mflex\DMVReaderServer\DMVReaderServer\bin\Debug\Images\Loading.gif
【堆栈调用】：   在 System.Drawing.Image.FromFile(String filename, Boolean useEmbeddedColorManagement)
   在 DMVReaderServer.MyOpaqueLayer..ctor(Int32 Alpha, Boolean IsShowLoadingImage) 位置 f:\Mflex\DMVReaderServer\DMVReaderServer\Tool\MyOpaqueLayer.cs:行号 41
   在 DMVReaderServer.LoadingHelper.ShowOpaqueLayer(Control control, Int32 alpha, Boolean isShowLoadingImage) 位置 f:\Mflex\DMVReaderServer\DMVReaderServer\Tool\LoadingHelper.cs:行号 35
【错误函数】：System.Drawing.Image FromFile(System.String, Boolean)
***************************************************************




****************************F:\Mflex\DMVReaderServer\DMVReaderServer\bin\Debug\Images\Loading.gif****************************
【出现时间】：2020/4/21 15:51:23
【程序名称】：System.Drawing
【异常类型】：FileNotFoundException
【异常信息】：F:\Mflex\DMVReaderServer\DMVReaderServer\bin\Debug\Images\Loading.gif
【堆栈调用】：   在 System.Drawing.Image.FromFile(String filename, Boolean useEmbeddedColorManagement)
   在 DMVReaderServer.MyOpaqueLayer..ctor(Int32 Alpha, Boolean IsShowLoadingImage) 位置 f:\Mflex\DMVReaderServer\DMVReaderServer\Tool\MyOpaqueLayer.cs:行号 41
   在 DMVReaderServer.LoadingHelper.ShowOpaqueLayer(Control control, Int32 alpha, Boolean isShowLoadingImage) 位置 f:\Mflex\DMVReaderServer\DMVReaderServer\Tool\LoadingHelper.cs:行号 35
【错误函数】：System.Drawing.Image FromFile(System.String, Boolean)
***************************************************************




****************************F:\Mflex\DMVReaderServer\DMVReaderServer\bin\Debug\Images\Loading.gif****************************
【出现时间】：2020/4/21 15:51:30
【程序名称】：System.Drawing
【异常类型】：FileNotFoundException
【异常信息】：F:\Mflex\DMVReaderServer\DMVReaderServer\bin\Debug\Images\Loading.gif
【堆栈调用】：   在 System.Drawing.Image.FromFile(String filename, Boolean useEmbeddedColorManagement)
   在 DMVReaderServer.MyOpaqueLayer..ctor(Int32 Alpha, Boolean IsShowLoadingImage) 位置 f:\Mflex\DMVReaderServer\DMVReaderServer\Tool\MyOpaqueLayer.cs:行号 41
   在 DMVReaderServer.LoadingHelper.ShowOpaqueLayer(Control control, Int32 alpha, Boolean isShowLoadingImage) 位置 f:\Mflex\DMVReaderServer\DMVReaderServer\Tool\LoadingHelper.cs:行号 35
【错误函数】：System.Drawing.Image FromFile(System.String, Boolean)
***************************************************************




****************************F:\Mflex\DMVReaderServer\DMVReaderServer\bin\Debug\Images\Loading.gif****************************
【出现时间】：2020/4/21 15:51:33
【程序名称】：System.Drawing
【异常类型】：FileNotFoundException
【异常信息】：F:\Mflex\DMVReaderServer\DMVReaderServer\bin\Debug\Images\Loading.gif
【堆栈调用】：   在 System.Drawing.Image.FromFile(String filename, Boolean useEmbeddedColorManagement)
   在 DMVReaderServer.MyOpaqueLayer..ctor(Int32 Alpha, Boolean IsShowLoadingImage) 位置 f:\Mflex\DMVReaderServer\DMVReaderServer\Tool\MyOpaqueLayer.cs:行号 41
   在 DMVReaderServer.LoadingHelper.ShowOpaqueLayer(Control control, Int32 alpha, Boolean isShowLoadingImage) 位置 f:\Mflex\DMVReaderServer\DMVReaderServer\Tool\LoadingHelper.cs:行号 35
【错误函数】：System.Drawing.Image FromFile(System.String, Boolean)
***************************************************************




****************************F:\Mflex\DMVReaderServer\DMVReaderServer\bin\Debug\Images\Loading.gif****************************
【出现时间】：2020/4/21 15:51:39
【程序名称】：System.Drawing
【异常类型】：FileNotFoundException
【异常信息】：F:\Mflex\DMVReaderServer\DMVReaderServer\bin\Debug\Images\Loading.gif
【堆栈调用】：   在 System.Drawing.Image.FromFile(String filename, Boolean useEmbeddedColorManagement)
   在 DMVReaderServer.MyOpaqueLayer..ctor(Int32 Alpha, Boolean IsShowLoadingImage) 位置 f:\Mflex\DMVReaderServer\DMVReaderServer\Tool\MyOpaqueLayer.cs:行号 41
   在 DMVReaderServer.LoadingHelper.ShowOpaqueLayer(Control control, Int32 alpha, Boolean isShowLoadingImage) 位置 f:\Mflex\DMVReaderServer\DMVReaderServer\Tool\LoadingHelper.cs:行号 35
【错误函数】：System.Drawing.Image FromFile(System.String, Boolean)
***************************************************************




****************************F:\Mflex\DMVReaderServer\DMVReaderServer\bin\Debug\Images\Loading.gif****************************
【出现时间】：2020/4/21 15:54:26
【程序名称】：System.Drawing
【异常类型】：FileNotFoundException
【异常信息】：F:\Mflex\DMVReaderServer\DMVReaderServer\bin\Debug\Images\Loading.gif
【堆栈调用】：   在 System.Drawing.Image.FromFile(String filename, Boolean useEmbeddedColorManagement)
   在 DMVReaderServer.MyOpaqueLayer..ctor(Int32 Alpha, Boolean IsShowLoadingImage) 位置 f:\Mflex\DMVReaderServer\DMVReaderServer\Tool\MyOpaqueLayer.cs:行号 41
   在 DMVReaderServer.LoadingHelper.ShowOpaqueLayer(Control control, Int32 alpha, Boolean isShowLoadingImage) 位置 f:\Mflex\DMVReaderServer\DMVReaderServer\Tool\LoadingHelper.cs:行号 35
【错误函数】：System.Drawing.Image FromFile(System.String, Boolean)
***************************************************************




****************************F:\Mflex\DMVReaderServer\DMVReaderServer\bin\Debug\Images\Loading.gif****************************
【出现时间】：2020/4/21 15:54:29
【程序名称】：System.Drawing
【异常类型】：FileNotFoundException
【异常信息】：F:\Mflex\DMVReaderServer\DMVReaderServer\bin\Debug\Images\Loading.gif
【堆栈调用】：   在 System.Drawing.Image.FromFile(String filename, Boolean useEmbeddedColorManagement)
   在 DMVReaderServer.MyOpaqueLayer..ctor(Int32 Alpha, Boolean IsShowLoadingImage) 位置 f:\Mflex\DMVReaderServer\DMVReaderServer\Tool\MyOpaqueLayer.cs:行号 41
   在 DMVReaderServer.LoadingHelper.ShowOpaqueLayer(Control control, Int32 alpha, Boolean isShowLoadingImage) 位置 f:\Mflex\DMVReaderServer\DMVReaderServer\Tool\LoadingHelper.cs:行号 35
【错误函数】：System.Drawing.Image FromFile(System.String, Boolean)
***************************************************************




****************************F:\Mflex\DMVReaderServer\DMVReaderServer\bin\Debug\Images\Loading.gif****************************
【出现时间】：2020/4/21 15:54:57
【程序名称】：System.Drawing
【异常类型】：FileNotFoundException
【异常信息】：F:\Mflex\DMVReaderServer\DMVReaderServer\bin\Debug\Images\Loading.gif
【堆栈调用】：   在 System.Drawing.Image.FromFile(String filename, Boolean useEmbeddedColorManagement)
   在 DMVReaderServer.MyOpaqueLayer..ctor(Int32 Alpha, Boolean IsShowLoadingImage) 位置 f:\Mflex\DMVReaderServer\DMVReaderServer\Tool\MyOpaqueLayer.cs:行号 41
   在 DMVReaderServer.LoadingHelper.ShowOpaqueLayer(Control control, Int32 alpha, Boolean isShowLoadingImage) 位置 f:\Mflex\DMVReaderServer\DMVReaderServer\Tool\LoadingHelper.cs:行号 35
【错误函数】：System.Drawing.Image FromFile(System.String, Boolean)
***************************************************************




****************************F:\Mflex\DMVReaderServer\DMVReaderServer\bin\Debug\Images\Loading.gif****************************
【出现时间】：2020/4/21 16:09:46
【程序名称】：System.Drawing
【异常类型】：FileNotFoundException
【异常信息】：F:\Mflex\DMVReaderServer\DMVReaderServer\bin\Debug\Images\Loading.gif
【堆栈调用】：   在 System.Drawing.Image.FromFile(String filename, Boolean useEmbeddedColorManagement)
   在 DMVReaderServer.MyOpaqueLayer..ctor(Int32 Alpha, Boolean IsShowLoadingImage) 位置 f:\Mflex\DMVReaderServer\DMVReaderServer\Tool\MyOpaqueLayer.cs:行号 41
   在 DMVReaderServer.LoadingHelper.ShowOpaqueLayer(Control control, Int32 alpha, Boolean isShowLoadingImage) 位置 f:\Mflex\DMVReaderServer\DMVReaderServer\Tool\LoadingHelper.cs:行号 35
【错误函数】：System.Drawing.Image FromFile(System.String, Boolean)
***************************************************************




****************************F:\Mflex\DMVReaderServer\DMVReaderServer\bin\Debug\Images\Loading.gif****************************
【出现时间】：2020/4/21 16:09:51
【程序名称】：System.Drawing
【异常类型】：FileNotFoundException
【异常信息】：F:\Mflex\DMVReaderServer\DMVReaderServer\bin\Debug\Images\Loading.gif
【堆栈调用】：   在 System.Drawing.Image.FromFile(String filename, Boolean useEmbeddedColorManagement)
   在 DMVReaderServer.MyOpaqueLayer..ctor(Int32 Alpha, Boolean IsShowLoadingImage) 位置 f:\Mflex\DMVReaderServer\DMVReaderServer\Tool\MyOpaqueLayer.cs:行号 41
   在 DMVReaderServer.LoadingHelper.ShowOpaqueLayer(Control control, Int32 alpha, Boolean isShowLoadingImage) 位置 f:\Mflex\DMVReaderServer\DMVReaderServer\Tool\LoadingHelper.cs:行号 35
【错误函数】：System.Drawing.Image FromFile(System.String, Boolean)
***************************************************************




****************************F:\Mflex\DMVReaderServer\DMVReaderServer\bin\Debug\Images\Loading.gif****************************
【出现时间】：2020/4/21 16:11:23
【程序名称】：System.Drawing
【异常类型】：FileNotFoundException
【异常信息】：F:\Mflex\DMVReaderServer\DMVReaderServer\bin\Debug\Images\Loading.gif
【堆栈调用】：   在 System.Drawing.Image.FromFile(String filename, Boolean useEmbeddedColorManagement)
   在 DMVReaderServer.MyOpaqueLayer..ctor(Int32 Alpha, Boolean IsShowLoadingImage) 位置 f:\Mflex\DMVReaderServer\DMVReaderServer\Tool\MyOpaqueLayer.cs:行号 41
   在 DMVReaderServer.LoadingHelper.ShowOpaqueLayer(Control control, Int32 alpha, Boolean isShowLoadingImage) 位置 f:\Mflex\DMVReaderServer\DMVReaderServer\Tool\LoadingHelper.cs:行号 35
【错误函数】：System.Drawing.Image FromFile(System.String, Boolean)
***************************************************************

